-------------------------------------------------------------------------------
Test set: PenTest
-------------------------------------------------------------------------------
Tests run: 20, Failures: 8, Errors: 0, Skipped: 0, Time elapsed: 0.633 s <<< FAILURE! - in PenTest
PenTest.testIsWork[0, 0.0](2)  Time elapsed: 0 s  <<< FAILURE!
java.lang.AssertionError: expected [true] but found [false]
	at PenTest.testIsWork(PenTest.java:58)

PenTest.testIsWork[-1, 1.0](4)  Time elapsed: 0 s  <<< FAILURE!
java.lang.AssertionError: expected [true] but found [false]
	at PenTest.testIsWork(PenTest.java:58)

PenTest.testWrite[Work, 3.0, 11, Wor](4)  Time elapsed: 0 s  <<< FAILURE!
java.lang.StringIndexOutOfBoundsException: begin 0, end 11, length 4
	at PenTest.testWrite(PenTest.java:73)

PenTest.testWrite[Work at Home, 2.0, 20, Work at Home](10)  Time elapsed: 0 s  <<< FAILURE!
java.lang.StringIndexOutOfBoundsException: begin 0, end 20, length 12
	at PenTest.testWrite(PenTest.java:73)

PenTest.testWrite[Work , 2.0, 20, Work](11)  Time elapsed: 0 s  <<< FAILURE!
java.lang.AssertionError: expected [Work] but found [Work ]
	at PenTest.testWrite(PenTest.java:73)

PenTest.testWrite[ Work , 2.0, 10, Work](12)  Time elapsed: 0 s  <<< FAILURE!
java.lang.StringIndexOutOfBoundsException: begin 0, end 10, length 6
	at PenTest.testWrite(PenTest.java:73)

PenTest.testWrite[Work, 0.0, 20, ](13)  Time elapsed: 0 s  <<< FAILURE!
java.lang.AssertionError: expected [] but found [Work]
	at PenTest.testWrite(PenTest.java:73)

PenTest.testgetColor  Time elapsed: 0 s  <<< FAILURE!
java.lang.AssertionError: expected [Blue] but found [BLUE]
	at PenTest.testgetColor(PenTest.java:67)

