<?xml version="1.0" encoding="UTF-8"?>
<testsuite xmlns:xsi="http://www.w3.org/2001/XMLSchema-instance" xsi:noNamespaceSchemaLocation="https://maven.apache.org/surefire/maven-surefire-plugin/xsd/surefire-test-report-3.0.xsd" version="3.0" name="PenTest" time="0.649" tests="20" errors="0" skipped="0" failures="8">
  <properties>
[...]
</properties>
  <testcase name="testDosomethingElsePrint" classname="PenTest" time="0"/>
  <testcase name="testIsWork[10000, 1.0](1)" classname="PenTest" time="0.016"/>
  <testcase name="testIsWork[0, 0.0](2)" classname="PenTest" time="0.006">
    <failure message="expected [true] but found [false]" type="java.lang.AssertionError"><![CDATA[java.lang.AssertionError: expected [true] but found [false]
	at PenTest.testIsWork(PenTest.java:58)
]]></failure>
  </testcase>
  <testcase name="testIsWork[1, 2.0](3)" classname="PenTest" time="0"/>
  <testcase name="testIsWork[-1, 1.0](4)" classname="PenTest" time="0">
    <failure message="expected [true] but found [false]" type="java.lang.AssertionError"><![CDATA[java.lang.AssertionError: expected [true] but found [false]
	at PenTest.testIsWork(PenTest.java:58)
]]></failure>
  </testcase>
  <testcase name="testIsWork[1, 0.5](5)" classname="PenTest" time="0"/>
  <testcase name="testWrite[Work, 1.0, 10000, Work](1)" classname="PenTest" time="0"/>
  <testcase name="testWrite[Work, 2.0, 1000, Work](2)" classname="PenTest" time="0"/>
  <testcase name="testWrite[Work, 3.0, 15, Work](3)" classname="PenTest" time="0"/>
  <testcase name="testWrite[Work, 3.0, 11, Wor](4)" classname="PenTest" time="0">
    <failure message="begin 0, end 11, length 4" type="java.lang.StringIndexOutOfBoundsException"><![CDATA[java.lang.StringIndexOutOfBoundsException: begin 0, end 11, length 4
	at PenTest.testWrite(PenTest.java:73)
]]></failure>
  </testcase>
  <testcase name="testWrite[Work, 1.0, 0, ](5)" classname="PenTest" time="0"/>
  <testcase name="testWrite[Work is done, 1.0, 0, ](6)" classname="PenTest" time="0"/>
  <testcase name="testWrite[, 1.0, 0, ](7)" classname="PenTest" time="0"/>
  <testcase name="testWrite[Work, 1.2, 24, Work](8)" classname="PenTest" time="0"/>
  <testcase name="testWrite[Work, 1.2, 24, Work](9)" classname="PenTest" time="0"/>
  <testcase name="testWrite[Work at Home, 2.0, 20, Work at Home](10)" classname="PenTest" time="0">
    <failure message="begin 0, end 20, length 12" type="java.lang.StringIndexOutOfBoundsException"><![CDATA[java.lang.StringIndexOutOfBoundsException: begin 0, end 20, length 12
	at PenTest.testWrite(PenTest.java:73)
]]></failure>
  </testcase>
  <testcase name="testWrite[Work , 2.0, 20, Work](11)" classname="PenTest" time="0">
    <failure message="expected [Work] but found [Work ]" type="java.lang.AssertionError"><![CDATA[java.lang.AssertionError: expected [Work] but found [Work ]
	at PenTest.testWrite(PenTest.java:73)
]]></failure>
  </testcase>
  <testcase name="testWrite[ Work , 2.0, 10, Work](12)" classname="PenTest" time="0">
    <failure message="begin 0, end 10, length 6" type="java.lang.StringIndexOutOfBoundsException"><![CDATA[java.lang.StringIndexOutOfBoundsException: begin 0, end 10, length 6
	at PenTest.testWrite(PenTest.java:73)
]]></failure>
  </testcase>
  <testcase name="testWrite[Work, 0.0, 20, ](13)" classname="PenTest" time="0">
    <failure message="expected [] but found [Work]" type="java.lang.AssertionError"><![CDATA[java.lang.AssertionError: expected [] but found [Work]
	at PenTest.testWrite(PenTest.java:73)
]]></failure>
  </testcase>
  <testcase name="testgetColor" classname="PenTest" time="0">
    <failure message="expected [Blue] but found [BLUE]" type="java.lang.AssertionError"><![CDATA[java.lang.AssertionError: expected [Blue] but found [BLUE]
	at PenTest.testgetColor(PenTest.java:67)
]]></failure>
  </testcase>
</testsuite>